<?xml version="1.0" encoding="UTF-8"?>
<testng-results ignored="0" total="1" passed="1" failed="0" skipped="0">
  <reporter-output>
  </reporter-output>
  <suite started-at="2024-03-25T15:53:15 EDT" name="Default suite" finished-at="2024-03-25T15:53:15 EDT" duration-ms="46">
    <groups>
    </groups>
    <test started-at="2024-03-25T15:53:15 EDT" name="Default test" finished-at="2024-03-25T15:53:15 EDT" duration-ms="46">
      <class name="coreJava1.PS1">
        <test-method is-config="true" signature="beforeRun()[pri:0, instance:coreJava1.PS1@36902638]" started-at="2024-03-25T15:53:15 EDT" name="beforeRun" finished-at="2024-03-25T15:53:15 EDT" duration-ms="6" status="PASS">
          <reporter-output>
          </reporter-output>
        </test-method> <!-- beforeRun -->
        <test-method signature="testRun()[pri:0, instance:coreJava1.PS1@36902638]" started-at="2024-03-25T15:53:15 EDT" name="testRun" finished-at="2024-03-25T15:53:15 EDT" duration-ms="7" status="PASS">
          <reporter-output>
          </reporter-output>
        </test-method> <!-- testRun -->
        <test-method is-config="true" signature="afterRun()[pri:0, instance:coreJava1.PS1@36902638]" started-at="2024-03-25T15:53:15 EDT" name="afterRun" finished-at="2024-03-25T15:53:15 EDT" duration-ms="1" status="PASS">
          <reporter-output>
          </reporter-output>
        </test-method> <!-- afterRun -->
      </class> <!-- coreJava1.PS1 -->
    </test> <!-- Default test -->
  </suite> <!-- Default suite -->
</testng-results>
